<?xml version="1.0" encoding="UTF-8"?>
<testsuites name="jest tests" tests="6" failures="0" errors="0" time="2.192">
  <testsuite name="Profile Service" errors="0" failures="0" skipped="0" timestamp="2022-10-03T12:14:16" time="1.918" tests="6">
    <testcase classname="Profile Service Get User Profile Should return a user profile for a given ID" name="Profile Service Get User Profile Should return a user profile for a given ID" time="0.015">
    </testcase>
    <testcase classname="Profile Service Get User Profile Should return 404 when a user profile does not exist" name="Profile Service Get User Profile Should return 404 when a user profile does not exist" time="0.002">
    </testcase>
    <testcase classname="Profile Service Update User Profile Should Update a user profile for a given ID" name="Profile Service Update User Profile Should Update a user profile for a given ID" time="0.004">
    </testcase>
    <testcase classname="Profile Service Update User Profile Should return 404 when a user profile does not exist" name="Profile Service Update User Profile Should return 404 when a user profile does not exist" time="0.003">
    </testcase>
    <testcase classname="Profile Service Delete User Profile Should Delete a user profile for a given ID" name="Profile Service Delete User Profile Should Delete a user profile for a given ID" time="0.003">
    </testcase>
    <testcase classname="Profile Service Delete User Profile Should return 404 when a user profile does not exist" name="Profile Service Delete User Profile Should return 404 when a user profile does not exist" time="0.004">
    </testcase>
  </testsuite>
</testsuites>